  UIKit-b5.cpp
C:\Users\jhset\source\repos\UIKit 4 Demo\UIKit 4 Demo\UIKit-b5.cpp(8,14): warning C4309: 'initializing': truncation of constant value
C:\Users\jhset\source\repos\UIKit 4 Demo\UIKit 4 Demo\UIKit-b5.cpp(9,14): warning C4309: 'initializing': truncation of constant value
C:\Users\jhset\source\repos\UIKit 4 Demo\UIKit 4 Demo\UIKit-b5.cpp(10,17): warning C4309: 'initializing': truncation of constant value
C:\Users\jhset\source\repos\UIKit 4 Demo\UIKit 4 Demo\UIKit-b5.cpp(11,17): warning C4309: 'initializing': truncation of constant value
C:\Users\jhset\source\repos\UIKit 4 Demo\UIKit 4 Demo\UIKit-b5.cpp(12,17): warning C4309: 'initializing': truncation of constant value
C:\Users\jhset\source\repos\UIKit 4 Demo\UIKit 4 Demo\UIKit-b5.cpp(13,17): warning C4309: 'initializing': truncation of constant value
C:\Users\jhset\source\repos\UIKit 4 Demo\UIKit 4 Demo\UIKit-b5.cpp(14,14): warning C4309: 'initializing': truncation of constant value
C:\Users\jhset\source\repos\UIKit 4 Demo\UIKit 4 Demo\UIKit-b5.cpp(15,14): warning C4309: 'initializing': truncation of constant value
C:\Users\jhset\source\repos\UIKit 4 Demo\UIKit 4 Demo\UIKit-b5.cpp(16,14): warning C4309: 'initializing': truncation of constant value
C:\Users\jhset\source\repos\UIKit 4 Demo\UIKit 4 Demo\UIKit-b5.cpp(17,14): warning C4309: 'initializing': truncation of constant value
C:\Users\jhset\source\repos\UIKit 4 Demo\UIKit 4 Demo\UIKit-b5.cpp(18,14): warning C4309: 'initializing': truncation of constant value
C:\Users\jhset\source\repos\UIKit 4 Demo\UIKit 4 Demo\UIKit-b5.cpp(19,14): warning C4309: 'initializing': truncation of constant value
C:\Users\jhset\source\repos\UIKit 4 Demo\UIKit 4 Demo\UIKit-b5.cpp(20,13): warning C4309: 'initializing': truncation of constant value
C:\Users\jhset\source\repos\UIKit 4 Demo\UIKit 4 Demo\UIKit-b5.cpp(21,14): warning C4309: 'initializing': truncation of constant value
C:\Users\jhset\source\repos\UIKit 4 Demo\UIKit 4 Demo\UIKit-b5.cpp(241,22): warning C4018: '<': signed/unsigned mismatch
C:\Users\jhset\source\repos\UIKit 4 Demo\UIKit 4 Demo\UIKit-b5.cpp(316,27): warning C4018: '<': signed/unsigned mismatch
C:\Users\jhset\source\repos\UIKit 4 Demo\UIKit 4 Demo\UIKit-b5.cpp(319,23): warning C4018: '>=': signed/unsigned mismatch
C:\Users\jhset\source\repos\UIKit 4 Demo\UIKit 4 Demo\UIKit-b5.cpp(343,27): warning C4018: '<': signed/unsigned mismatch
C:\Users\jhset\source\repos\UIKit 4 Demo\UIKit 4 Demo\UIKit-b5.cpp(348,23): warning C4018: '>=': signed/unsigned mismatch
C:\Users\jhset\source\repos\UIKit 4 Demo\UIKit 4 Demo\UIKit-b5.cpp(390,23): warning C4018: '<': signed/unsigned mismatch
C:\Users\jhset\source\repos\UIKit 4 Demo\UIKit 4 Demo\UIKit-b5.cpp(432,23): warning C4018: '<': signed/unsigned mismatch
C:\Users\jhset\source\repos\UIKit 4 Demo\UIKit 4 Demo\UIKit-b5.cpp(501,23): warning C4018: '<': signed/unsigned mismatch
C:\Users\jhset\source\repos\UIKit 4 Demo\UIKit 4 Demo\UIKit-b5.cpp(507,17): warning C4018: '<': signed/unsigned mismatch
C:\Users\jhset\source\repos\UIKit 4 Demo\UIKit 4 Demo\UIKit-b5.cpp(543,23): warning C4018: '<': signed/unsigned mismatch
C:\Users\jhset\source\repos\UIKit 4 Demo\UIKit 4 Demo\UIKit-b5.cpp(576,27): warning C4018: '<=': signed/unsigned mismatch
C:\Users\jhset\source\repos\UIKit 4 Demo\UIKit 4 Demo\UIKit-b5.cpp(610,23): warning C4018: '<': signed/unsigned mismatch
C:\Users\jhset\source\repos\UIKit 4 Demo\UIKit 4 Demo\UIKit-b5.cpp(630,23): warning C4018: '<': signed/unsigned mismatch
C:\Users\jhset\source\repos\UIKit 4 Demo\UIKit 4 Demo\UIKit-b5.cpp(663,23): warning C4018: '<': signed/unsigned mismatch
C:\Users\jhset\source\repos\UIKit 4 Demo\UIKit 4 Demo\UIKit-b5.cpp(675,23): warning C4018: '<': signed/unsigned mismatch
C:\Users\jhset\source\repos\UIKit 4 Demo\UIKit 4 Demo\UIKit-b5.cpp(681,23): warning C4018: '<': signed/unsigned mismatch
C:\Users\jhset\source\repos\UIKit 4 Demo\UIKit 4 Demo\UIKit-b5.cpp(704,23): warning C4018: '<': signed/unsigned mismatch
C:\Users\jhset\source\repos\UIKit 4 Demo\UIKit 4 Demo\UIKit-b5.cpp(722,23): warning C4018: '<': signed/unsigned mismatch
C:\Users\jhset\source\repos\UIKit 4 Demo\UIKit 4 Demo\UIKit-b5.cpp(731,23): warning C4018: '<': signed/unsigned mismatch
C:\Users\jhset\source\repos\UIKit 4 Demo\UIKit 4 Demo\UIKit-b5.cpp(741,23): warning C4018: '<': signed/unsigned mismatch
C:\Users\jhset\source\repos\UIKit 4 Demo\UIKit 4 Demo\UIKit-b5.cpp(800,23): warning C4018: '<': signed/unsigned mismatch
C:\Users\jhset\source\repos\UIKit 4 Demo\UIKit 4 Demo\UIKit-b5.cpp(806,23): warning C4018: '<': signed/unsigned mismatch
C:\Users\jhset\source\repos\UIKit 4 Demo\UIKit 4 Demo\UIKit-b5.cpp(807,27): warning C4018: '<': signed/unsigned mismatch
C:\Users\jhset\source\repos\UIKit 4 Demo\UIKit 4 Demo\UIKit-b5.cpp(819,48): warning C4244: '=': conversion from 'WORD' to 'char', possible loss of data
C:\Users\jhset\source\repos\UIKit 4 Demo\UIKit 4 Demo\UIKit-b5.cpp(843,64): warning C4244: '=': conversion from 'WORD' to 'char', possible loss of data
C:\Users\jhset\source\repos\UIKit 4 Demo\UIKit 4 Demo\UIKit-b5.cpp(844,51): warning C4018: '<': signed/unsigned mismatch
C:\Users\jhset\source\repos\UIKit 4 Demo\UIKit 4 Demo\UIKit-b5.cpp(851,67): warning C4018: '<': signed/unsigned mismatch
C:\Users\jhset\source\repos\UIKit 4 Demo\UIKit 4 Demo\UIKit-b5.cpp(882,35): warning C4804: '>=': unsafe use of type 'bool' in operation
C:\Users\jhset\source\repos\UIKit 4 Demo\UIKit 4 Demo\UIKit-b5.cpp(883,35): warning C4018: '<': signed/unsigned mismatch
C:\Users\jhset\source\repos\UIKit 4 Demo\UIKit 4 Demo\UIKit-b5.cpp(904,31): warning C4018: '<': signed/unsigned mismatch
C:\Users\jhset\source\repos\UIKit 4 Demo\UIKit 4 Demo\UIKit-b5.cpp(822,23): warning C4102: 'UI': unreferenced label
C:\Users\jhset\source\repos\UIKit 4 Demo\UIKit 4 Demo\UIKit-b5.cpp(1036,33): warning C4018: '<=': signed/unsigned mismatch
C:\Users\jhset\source\repos\UIKit 4 Demo\UIKit 4 Demo\UIKit-b5.cpp(1048,41): warning C4018: '<=': signed/unsigned mismatch
C:\Users\jhset\source\repos\UIKit 4 Demo\UIKit 4 Demo\UIKit-b5.cpp(1085,23): warning C4018: '<': signed/unsigned mismatch
C:\Users\jhset\source\repos\UIKit 4 Demo\UIKit 4 Demo\UIKit-b5.cpp(1091,17): warning C4018: '<': signed/unsigned mismatch
C:\Users\jhset\source\repos\UIKit 4 Demo\UIKit 4 Demo\UIKit-b5.cpp(1129,23): warning C4018: '<': signed/unsigned mismatch
C:\Users\jhset\source\repos\UIKit 4 Demo\UIKit 4 Demo\UIKit-b5.cpp(1160,16): warning C4309: 'initializing': truncation of constant value
C:\Users\jhset\source\repos\UIKit 4 Demo\UIKit 4 Demo\UIKit-b5.cpp(1161,16): warning C4309: 'initializing': truncation of constant value
C:\Users\jhset\source\repos\UIKit 4 Demo\UIKit 4 Demo\UIKit-b5.cpp(1162,16): warning C4309: 'initializing': truncation of constant value
C:\Users\jhset\source\repos\UIKit 4 Demo\UIKit 4 Demo\UIKit-b5.cpp(1165,23): warning C4018: '<': signed/unsigned mismatch
C:\Users\jhset\source\repos\UIKit 4 Demo\UIKit 4 Demo\UIKit-b5.cpp(1172,27): warning C4018: '<': signed/unsigned mismatch
C:\Users\jhset\source\repos\UIKit 4 Demo\UIKit 4 Demo\UIKit-b5.cpp(1177,27): warning C4018: '<': signed/unsigned mismatch
C:\Users\jhset\source\repos\UIKit 4 Demo\UIKit 4 Demo\UIKit-b5.cpp(1187,35): warning C4018: '<': signed/unsigned mismatch
C:\Users\jhset\source\repos\UIKit 4 Demo\UIKit 4 Demo\UIKit-b5.cpp(1064,9): warning C4101: 'usr_input': unreferenced local variable
  Generating code
  3 of 384 functions ( 0.8%) were compiled, the rest were copied from previous compilation.
    0 functions were new in current compilation
    11 functions had inline decision re-evaluated but remain unchanged
  Finished generating code
  UIKit 4 Demo.vcxproj -> C:\Users\jhset\source\repos\UIKit 4 Demo\Release\UIKit 4 Demo.exe
